<?xml version="1.0" encoding="UTF-8"?>
<!-- Generated by org.testng.reporters.JUnitXMLReporter -->
<testsuite ignored="2" hostname="Richard" failures="0" tests="1" name="Default test" time="24.316" errors="0" timestamp="2024-08-12T22:23:24 CDT">
  <testcase classname="variousConcepts.CrmTest" name="addCustomer" time="21.12"/>
  <testcase classname="variousConcepts.CrmTest" name="loginTest" time="0.0">
    <ignored/>
  </testcase> <!-- loginTest -->
  <testcase classname="variousConcepts.CrmTest" name="validateAlertMessages" time="0.0">
    <ignored/>
  </testcase> <!-- validateAlertMessages -->
</testsuite> <!-- Default test -->
