<?xml version="1.0" encoding="UTF-8"?>
<testng-results ignored="2" total="3" passed="1" failed="0" skipped="0">
  <reporter-output>
  </reporter-output>
  <suite started-at="2024-08-12T22:22:59 CDT" name="Default suite" finished-at="2024-08-12T22:23:24 CDT" duration-ms="24316">
    <groups>
    </groups>
    <test started-at="2024-08-12T22:22:59 CDT" name="Default test" finished-at="2024-08-12T22:23:24 CDT" duration-ms="24316">
      <class name="variousConcepts.CrmTest">
        <test-method is-config="true" signature="readConfig()[pri:0, instance:variousConcepts.CrmTest@61001b64]" started-at="2024-08-12T22:22:59 CDT" name="readConfig" finished-at="2024-08-12T22:22:59 CDT" duration-ms="6" status="PASS">
          <reporter-output>
          </reporter-output>
        </test-method> <!-- readConfig -->
        <test-method is-config="true" signature="init()[pri:0, instance:variousConcepts.CrmTest@61001b64]" started-at="2024-08-12T22:22:59 CDT" name="init" finished-at="2024-08-12T22:23:02 CDT" duration-ms="3165" status="PASS">
          <reporter-output>
          </reporter-output>
        </test-method> <!-- init -->
        <test-method signature="addCustomer()[pri:0, instance:variousConcepts.CrmTest@61001b64]" started-at="2024-08-12T22:23:02 CDT" name="addCustomer" finished-at="2024-08-12T22:23:24 CDT" duration-ms="21120" status="PASS">
          <reporter-output>
          </reporter-output>
        </test-method> <!-- addCustomer -->
      </class> <!-- variousConcepts.CrmTest -->
    </test> <!-- Default test -->
  </suite> <!-- Default suite -->
</testng-results>
